<?xml version="1.0" encoding="UTF-8"?>
<!-- Generated by org.testng.reporters.JUnitXMLReporter -->
<testsuite ignored="0" hostname="vm-lab21-17-372" failures="0" tests="8" name="Default test" time="79.292" errors="0" timestamp="2024-10-10T08:15:47 UTC">
  <testcase classname="testCases.HomePageTestCases" name="testFirstProduct" time="9.863"/>
  <testcase classname="testCases.HomePageTestCases" name="testSecondProduct" time="8.821"/>
  <testcase classname="testCases.HomePageTestCases" name="testThirdProduct" time="5.654"/>
  <testcase classname="testCases.HomePageTestCases" name="testExploreTabletsPage" time="5.232"/>
  <testcase classname="testCases.HomePageTestCases" name="testExploreSpeakersPage" time="4.003"/>
  <testcase classname="testCases.HomePageTestCases" name="testExploreLaptopsPage" time="3.025"/>
  <testcase classname="testCases.HomePageTestCases" name="testNavbarCoordinates" time="19.638"/>
  <testcase classname="testCases.HomePageTestCases" name="testAddToCart" time="20.928"/>
</testsuite> <!-- Default test -->
