<?xml version="1.0" encoding="UTF-8"?>
<!-- Generated by org.testng.reporters.JUnitXMLReporter -->
<testsuite ignored="0" hostname="vm-lab21-17-372" failures="0" tests="25" name="Test" time="256.408" errors="0" timestamp="2024-10-11T07:02:53 UTC">
  <testcase classname="testCases.OurProductsTestCases" name="AdvantageAddToCart" time="13.154"/>
  <testcase classname="testCases.OurProductsTestCases" name="AdvantageFilteredProduct" time="11.536"/>
  <testcase classname="testCases.OurProductsTestCases" name="AdvantageHoverAndPrintReview" time="7.747"/>
  <testcase classname="testCases.OurProductsTestCases" name="AdvantagePlayVideoAndVerifyPlayback" time="12.557"/>
  <testcase classname="testCases.ContactSearchTestCases" name="IconsCheck" time="8.232"/>
  <testcase classname="testCases.ContactSearchTestCases" name="ContactUsCheck" time="19.325"/>
  <testcase classname="testCases.ContactSearchTestCases" name="SearchDefect" time="4.977"/>
  <testcase classname="testCases.ContactSearchTestCases" name="SearchCheck" time="19.042"/>
  <testcase classname="testCases.AboutFooterTestCases" name="testFacebookLink" time="7.431"/>
  <testcase classname="testCases.AboutFooterTestCases" name="testHelpManagementNavigation" time="0.4"/>
  <testcase classname="testCases.AboutFooterTestCases" name="testHelpVersionNavigation" time="2.667"/>
  <testcase classname="testCases.AboutFooterTestCases" name="testHelpAboutNavigation" time="6.569"/>
  <testcase classname="testCases.AccountSignInTestCases" name="testUserLinkRedirection" time="3.314"/>
  <testcase classname="testCases.AccountSignInTestCases" name="testloginandlogout" time="14.004"/>
  <testcase classname="testCases.AccountSignInTestCases" name="testCreateNewUserRedirection" time="3.92"/>
  <testcase classname="testCases.AccountSignInTestCases" name="testSignInWithFacebook" time="4.276"/>
  <testcase classname="testCases.AccountSignInTestCases" name="testCreateNewUser" time="33.727"/>
  <testcase classname="testCases.HomePageTestCases" name="testFirstProduct" time="9.339"/>
  <testcase classname="testCases.HomePageTestCases" name="testSecondProduct" time="9.124"/>
  <testcase classname="testCases.HomePageTestCases" name="testThirdProduct" time="5.68"/>
  <testcase classname="testCases.HomePageTestCases" name="testExploreTabletsPage" time="4.948"/>
  <testcase classname="testCases.HomePageTestCases" name="testExploreSpeakersPage" time="3.97"/>
  <testcase classname="testCases.HomePageTestCases" name="testExploreLaptopsPage" time="2.965"/>
  <testcase classname="testCases.HomePageTestCases" name="testNavbarCoordinates" time="19.617"/>
  <testcase classname="testCases.HomePageTestCases" name="testAddToCart" time="20.473"/>
</testsuite> <!-- Test -->
